<?xml version="1.0" encoding="UTF-8"?>
<!-- Generated by org.testng.reporters.JUnitXMLReporter -->
<testsuite hostname="igor-ПК" name="AutoQA" tests="9" failures="0" timestamp="4 Nov 2015 11:57:23 GMT" time="0.102" errors="0">
  <testcase name="testCalculateExperienceRatio" time="0.013" classname="employee.Testmethods"/>
  <testcase name="testGetDateOfBirthEmployee" time="0.001" classname="employee.Testmethods"/>
  <testcase name="testTakeNameEmployee" time="0.001" classname="employee.Testmethods"/>
  <testcase name="testCalculateExperienceRatioException" time="0.011" classname="employee.Testmethods2"/>
  <testcase name="testCalculateSalary" time="0.001" classname="employee.Testmethods2"/>
  <testcase name="testGetAdressEmployee" time="0.001" classname="employee.Testmethods2"/>
  <testcase name="testGetNameEmployee" time="0.001" classname="employee.Testmethods2"/>
  <testcase name="testTakeAdressEmployee" time="0.001" classname="employee.Testmethods2"/>
  <testcase name="testTakeDateOfBirthEmloyee" time="0.001" classname="employee.Testmethods2"/>
</testsuite> <!-- AutoQA -->
