<?xml version="1.0" encoding="UTF-8"?>
<!-- Generated by org.testng.reporters.JUnitXMLReporter -->
<testsuite hostname="igor-ПК" name="AutoQA" tests="11" failures="0" timestamp="6 Nov 2015 18:54:59 GMT" time="0.199" errors="0">
  <testcase name="testCalculateExperienceRatio" time="0.072" classname="employee.Testmethods"/>
  <testcase name="testGetDateOfBirthEmployee" time="0.003" classname="employee.Testmethods"/>
  <testcase name="testTakeNameEmployee" time="0.002" classname="employee.Testmethods"/>
  <testcase name="testCalculateExperienceRatioException" time="0.01" classname="employee.Testmethods2"/>
  <testcase name="testCalculateSalary" time="0.002" classname="employee.Testmethods2"/>
  <testcase name="testGetAdressEmployee" time="0.006" classname="employee.Testmethods2"/>
  <testcase name="testGetNameEmployee" time="0.002" classname="employee.Testmethods2"/>
  <testcase name="testTakeAdressEmployee" time="0.002" classname="employee.Testmethods2"/>
  <testcase name="testTakeDateOfBirthEmloyee" time="0.002" classname="employee.Testmethods2"/>
  <testcase name="testCalculateTaxEmloyee" time="0.002" classname="employee.Testmethods"/>
  <testcase name="testIsBirthdayBonus" time="0.001" classname="employee.Testmethods"/>
</testsuite> <!-- AutoQA -->
