<?xml version="1.0" encoding="UTF-8"?>
<!-- Generated by org.testng.reporters.JUnitXMLReporter -->
<testsuite hostname="igor-ПК" name="Default test" tests="11" failures="0" timestamp="2 Nov 2015 19:46:16 GMT" time="0.143" errors="0">
  <testcase name="testCalculateExperienceRatio" time="0.011" classname="employee.Testmethods"/>
  <testcase name="testCalculateSalary" time="0.001" classname="employee.Testmethods"/>
  <testcase name="testIsBirthdayBonus" time="0.002" classname="employee.Testmethods"/>
  <testcase name="testCalculateExperienceRatioException" time="0.044" classname="employee.Testmethods"/>
  <testcase name="testGetNameEmployee" time="0.001" classname="employee.Testmethods"/>
  <testcase name="testTakeAdressEmployee" time="0.001" classname="employee.Testmethods"/>
  <testcase name="testGetAdressEmployee" time="0.001" classname="employee.Testmethods"/>
  <testcase name="testGetDateOfBirthEmployee" time="0.004" classname="employee.Testmethods"/>
  <testcase name="testTakeNameEmployee" time="0.001" classname="employee.Testmethods"/>
  <testcase name="testTakeDateOfBirthEmloyee" time="0.003" classname="employee.Testmethods"/>
  <testcase name="testCalculateTaxEmloyee" time="0.001" classname="employee.Testmethods"/>
</testsuite> <!-- Default test -->
